# JRE version: OpenJDK Runtime Environment (8.0_152-b01) (build 1.8.0_152-release-1343-b01)
# Java VM: OpenJDK 64-Bit Server VM (25.152-b01 mixed mode windows-amd64 compressed oops)
Heap:
 PSYoungGen      total 232960K, used 215712K [0x00000000e0000000, 0x00000000f4900000, 0x0000000100000000)
  eden space 194560K, 91% used [0x00000000e0000000,0x00000000ead2b4c0,0x00000000ebe00000)
  from space 38400K, 99% used [0x00000000ef400000,0x00000000f197cb68,0x00000000f1980000)
  to   space 55296K, 0% used [0x00000000ebe00000,0x00000000ebe00000,0x00000000ef400000)
 ParOldGen       total 209920K, used 109584K [0x00000000a0000000, 0x00000000acd00000, 0x00000000e0000000)
  object space 209920K, 52% used [0x00000000a0000000,0x00000000a6b043f0,0x00000000acd00000)
 Metaspace       used 97711K, capacity 102748K, committed 103000K, reserved 1138688K
  class space    used 12259K, capacity 13147K, committed 13184K, reserved 1048576K
GC Heap History (10 events):
Event: 3895.350 GC heap before
{Heap before GC invocations=24 (full 4):
 PSYoungGen      total 189952K, used 175104K [0x00000000e0000000, 0x00000000edd00000, 0x0000000100000000)
  eden space 175104K, 100% used [0x00000000e0000000,0x00000000eab00000,0x00000000eab00000)
  from space 14848K, 0% used [0x00000000eb580000,0x00000000eb580000,0x00000000ec400000)
  to   space 25600K, 0% used [0x00000000ec400000,0x00000000ec400000,0x00000000edd00000)
 ParOldGen       total 209920K, used 44714K [0x00000000a0000000, 0x00000000acd00000, 0x00000000e0000000)
  object space 209920K, 21% used [0x00000000a0000000,0x00000000a2baa8a0,0x00000000acd00000)
 Metaspace       used 95897K, capacity 100738K, committed 101080K, reserved 1136640K
  class space    used 12122K, capacity 12966K, committed 13056K, reserved 1048576K
Event: 3895.387 GC heap after
Heap after GC invocations=24 (full 4):
 PSYoungGen      total 201216K, used 11694K [0x00000000e0000000, 0x00000000ee200000, 0x0000000100000000)
  eden space 175616K, 0% used [0x00000000e0000000,0x00000000e0000000,0x00000000eab80000)
  from space 25600K, 45% used [0x00000000ec400000,0x00000000ecf6bb70,0x00000000edd00000)
  to   space 25088K, 0% used [0x00000000eab80000,0x00000000eab80000,0x00000000ec400000)
 ParOldGen       total 209920K, used 44722K [0x00000000a0000000, 0x00000000acd00000, 0x00000000e0000000)
  object space 209920K, 21% used [0x00000000a0000000,0x00000000a2bac8a0,0x00000000acd00000)
 Metaspace       used 95897K, capacity 100738K, committed 101080K, reserved 1136640K
  class space    used 12122K, capacity 12966K, committed 13056K, reserved 1048576K
}
Event: 3910.577 GC heap before
{Heap before GC invocations=25 (full 4):
 PSYoungGen      total 201216K, used 187310K [0x00000000e0000000, 0x00000000ee200000, 0x0000000100000000)
  eden space 175616K, 100% used [0x00000000e0000000,0x00000000eab80000,0x00000000eab80000)
  from space 25600K, 45% used [0x00000000ec400000,0x00000000ecf6bb70,0x00000000edd00000)
  to   space 25088K, 0% used [0x00000000eab80000,0x00000000eab80000,0x00000000ec400000)
 ParOldGen       total 209920K, used 44722K [0x00000000a0000000, 0x00000000acd00000, 0x00000000e0000000)
  object space 209920K, 21% used [0x00000000a0000000,0x00000000a2bac8a0,0x00000000acd00000)
 Metaspace       used 96335K, capacity 101258K, committed 101336K, reserved 1138688K
  class space    used 12163K, capacity 13018K, committed 13056K, reserved 1048576K
Event: 3910.615 GC heap after
Heap after GC invocations=25 (full 4):
 PSYoungGen      total 200704K, used 15499K [0x00000000e0000000, 0x00000000ee200000, 0x0000000100000000)
  eden space 175616K, 0% used [0x00000000e0000000,0x00000000e0000000,0x00000000eab80000)
  from space 25088K, 61% used [0x00000000eab80000,0x00000000ebaa2e80,0x00000000ec400000)
  to   space 24576K, 0% used [0x00000000eca00000,0x00000000eca00000,0x00000000ee200000)
 ParOldGen       total 209920K, used 44730K [0x00000000a0000000, 0x00000000acd00000, 0x00000000e0000000)
  object space 209920K, 21% used [0x00000000a0000000,0x00000000a2bae8a0,0x00000000acd00000)
 Metaspace       used 96335K, capacity 101258K, committed 101336K, reserved 1138688K
  class space    used 12163K, capacity 13018K, committed 13056K, reserved 1048576K
}
Event: 3921.881 GC heap before
{Heap before GC invocations=26 (full 4):
 PSYoungGen      total 200704K, used 191039K [0x00000000e0000000, 0x00000000ee200000, 0x0000000100000000)
  eden space 175616K, 99% used [0x00000000e0000000,0x00000000eab6d080,0x00000000eab80000)
  from space 25088K, 61% used [0x00000000eab80000,0x00000000ebaa2e80,0x00000000ec400000)
  to   space 24576K, 0% used [0x00000000eca00000,0x00000000eca00000,0x00000000ee200000)
 ParOldGen       total 209920K, used 44730K [0x00000000a0000000, 0x00000000acd00000, 0x00000000e0000000)
  object space 209920K, 21% used [0x00000000a0000000,0x00000000a2bae8a0,0x00000000acd00000)
 Metaspace       used 97031K, capacity 102032K, committed 102232K, reserved 1138688K
  class space    used 12220K, capacity 13083K, committed 13184K, reserved 1048576K
Event: 3921.913 GC heap after
Heap after GC invocations=26 (full 4):
 PSYoungGen      total 205824K, used 13259K [0x00000000e0000000, 0x00000000ee080000, 0x0000000100000000)
  eden space 182784K, 0% used [0x00000000e0000000,0x00000000e0000000,0x00000000eb280000)
  from space 23040K, 57% used [0x00000000eca00000,0x00000000ed6f2f88,0x00000000ee080000)
  to   space 23552K, 0% used [0x00000000eb280000,0x00000000eb280000,0x00000000ec980000)
 ParOldGen       total 209920K, used 44730K [0x00000000a0000000, 0x00000000acd00000, 0x00000000e0000000)
  object space 209920K, 21% used [0x00000000a0000000,0x00000000a2bae8a0,0x00000000acd00000)
 Metaspace       used 97031K, capacity 102032K, committed 102232K, reserved 1138688K
  class space    used 12220K, capacity 13083K, committed 13184K, reserved 1048576K
}
Event: 3927.654 GC heap before
{Heap before GC invocations=27 (full 4):
 PSYoungGen      total 205824K, used 195734K [0x00000000e0000000, 0x00000000ee080000, 0x0000000100000000)
  eden space 182784K, 99% used [0x00000000e0000000,0x00000000eb2329c0,0x00000000eb280000)
  from space 23040K, 57% used [0x00000000eca00000,0x00000000ed6f2f88,0x00000000ee080000)
  to   space 23552K, 0% used [0x00000000eb280000,0x00000000eb280000,0x00000000ec980000)
 ParOldGen       total 209920K, used 44730K [0x00000000a0000000, 0x00000000acd00000, 0x00000000e0000000)
  object space 209920K, 21% used [0x00000000a0000000,0x00000000a2bae8a0,0x00000000acd00000)
 Metaspace       used 97345K, capacity 102300K, committed 102488K, reserved 1138688K
  class space    used 12238K, capacity 13087K, committed 13184K, reserved 1048576K
Event: 3927.930 GC heap after
Heap after GC invocations=27 (full 4):
 PSYoungGen      total 206336K, used 23536K [0x00000000e0000000, 0x00000000f1980000, 0x0000000100000000)
  eden space 182784K, 0% used [0x00000000e0000000,0x00000000e0000000,0x00000000eb280000)
  from space 23552K, 99% used [0x00000000eb280000,0x00000000ec97c070,0x00000000ec980000)
  to   space 38400K, 0% used [0x00000000ef400000,0x00000000ef400000,0x00000000f1980000)
 ParOldGen       total 209920K, used 77930K [0x00000000a0000000, 0x00000000acd00000, 0x00000000e0000000)
  object space 209920K, 37% used [0x00000000a0000000,0x00000000a4c1ab08,0x00000000acd00000)
 Metaspace       used 97345K, capacity 102300K, committed 102488K, reserved 1138688K
  class space    used 12238K, capacity 13087K, committed 13184K, reserved 1048576K
}
Event: 3932.718 GC heap before
{Heap before GC invocations=28 (full 4):
 PSYoungGen      total 206336K, used 206320K [0x00000000e0000000, 0x00000000f1980000, 0x0000000100000000)
  eden space 182784K, 100% used [0x00000000e0000000,0x00000000eb280000,0x00000000eb280000)
  from space 23552K, 99% used [0x00000000eb280000,0x00000000ec97c070,0x00000000ec980000)
  to   space 38400K, 0% used [0x00000000ef400000,0x00000000ef400000,0x00000000f1980000)
 ParOldGen       total 209920K, used 77930K [0x00000000a0000000, 0x00000000acd00000, 0x00000000e0000000)
  object space 209920K, 37% used [0x00000000a0000000,0x00000000a4c1ab08,0x00000000acd00000)
 Metaspace       used 97424K, capacity 102364K, committed 102488K, reserved 1138688K
  class space    used 12239K, capacity 13087K, committed 13184K, reserved 1048576K
Event: 3933.137 GC heap after
Heap after GC invocations=28 (full 4):
 PSYoungGen      total 232960K, used 38386K [0x00000000e0000000, 0x00000000f4900000, 0x0000000100000000)
  eden space 194560K, 0% used [0x00000000e0000000,0x00000000e0000000,0x00000000ebe00000)
  from space 38400K, 99% used [0x00000000ef400000,0x00000000f197cb68,0x00000000f1980000)
  to   space 55296K, 0% used [0x00000000ebe00000,0x00000000ebe00000,0x00000000ef400000)
 ParOldGen       total 209920K, used 109584K [0x00000000a0000000, 0x00000000acd00000, 0x00000000e0000000)
  object space 209920K, 52% used [0x00000000a0000000,0x00000000a6b043f0,0x00000000acd00000)
 Metaspace       used 97424K, capacity 102364K, committed 102488K, reserved 1138688K
  class space    used 12239K, capacity 13087K, committed 13184K, reserved 1048576K
}

